2023-03-07 09:01:43 info: tempDirectory:c:\Users\Xypher Solutions Inc\.vscode\extensions\embold-vscode.embold-0.1.4\temp
2023-03-07 09:01:43 info: Extraction complete for source: c:\Users\Xypher Solutions Inc\.vscode\extensions\embold-vscode.embold-0.1.4\resources\embold-scanner-archive.zip, destination: c:\Users\Xypher Solutions Inc\.vscode\extensions\embold-vscode.embold-0.1.4\temp
2023-03-07 09:01:43 info: Congratulations, your extension "Embold" is now active!
2023-03-07 09:25:46 info: file:///c%3A/Users/Xypher%20Solutions%20Inc/Desktop/medical-inventory-system/node_modules/fsevents
2023-03-07 09:25:46 error: SQLITE_ERROR: no such table: issues
2023-03-07 09:25:50 info: file:///c%3A/Users/Xypher%20Solutions%20Inc/Desktop/medical-inventory-system/src/Components/Login.js
2023-03-07 09:25:50 error: SQLITE_ERROR: no such table: issues
2023-03-07 09:26:31 info: file:///c%3A/Users/Xypher%20Solutions%20Inc/Desktop/medical-inventory-system/node_modules/fsevents
2023-03-07 09:26:31 error: SQLITE_ERROR: no such table: issues
2023-03-07 09:26:42 info: file:///c%3A/Users/Xypher%20Solutions%20Inc/Desktop/medical-inventory-system/node_modules/fsevents
2023-03-07 09:26:42 error: SQLITE_ERROR: no such table: issues
2023-03-07 09:39:51 info: file:///c%3A/Users/Xypher%20Solutions%20Inc/Desktop/medical-inventory-system/node_modules/fsevents
2023-03-07 09:39:51 error: SQLITE_ERROR: no such table: issues
2023-03-07 10:36:47 info: file:///c%3A/Users/Xypher%20Solutions%20Inc/Desktop/medical-inventory-system/src/Components/Sidebar.js
2023-03-07 10:36:47 error: SQLITE_ERROR: no such table: issues
2023-03-07 10:36:54 info: file:///c%3A/Users/Xypher%20Solutions%20Inc/Desktop/medical-inventory-system/src/Components/Sidebar/Sidebar.js
2023-03-07 10:36:54 error: SQLITE_ERROR: no such table: issues
2023-03-07 10:59:04 info: file:///c%3A/Users/Xypher%20Solutions%20Inc/Desktop/medical-inventory-system/node_modules/fsevents
2023-03-07 10:59:05 error: SQLITE_ERROR: no such table: issues
2023-03-07 11:13:04 info: file:///c%3A/Users/Xypher%20Solutions%20Inc/Desktop/medical-inventory-system/node_modules/react-icons
2023-03-07 11:13:04 error: SQLITE_ERROR: no such table: issues
2023-03-07 11:14:05 info: file:///c%3A/Users/Xypher%20Solutions%20Inc/Desktop/medical-inventory-system/node_modules/react-icons
2023-03-07 11:14:05 error: SQLITE_ERROR: no such table: issues
2023-03-07 11:14:05 info: file:///c%3A/Users/Xypher%20Solutions%20Inc/Desktop/medical-inventory-system/node_modules/fsevents
2023-03-07 11:14:05 info: file:///c%3A/Users/Xypher%20Solutions%20Inc/Desktop/medical-inventory-system/node_modules/react-to-print
2023-03-07 11:14:05 error: SQLITE_ERROR: no such table: issues
2023-03-07 11:14:05 error: SQLITE_ERROR: no such table: issues
2023-03-07 11:14:27 info: file:///c%3A/Users/Xypher%20Solutions%20Inc/Desktop/medical-inventory-system/node_modules/fsevents
2023-03-07 11:14:27 info: file:///c%3A/Users/Xypher%20Solutions%20Inc/Desktop/medical-inventory-system/node_modules/.fsevents-oQTRXTCl
2023-03-07 11:14:27 error: SQLITE_ERROR: no such table: issues
2023-03-07 11:14:27 error: SQLITE_ERROR: no such table: issues
2023-03-07 11:14:27 info: file:///c%3A/Users/Xypher%20Solutions%20Inc/Desktop/medical-inventory-system/node_modules/.react-to-print-MEYB3Jgl
2023-03-07 11:14:27 error: SQLITE_ERROR: no such table: issues
2023-03-07 11:14:27 info: file:///c%3A/Users/Xypher%20Solutions%20Inc/Desktop/medical-inventory-system/node_modules/.react-icons-09yznivu
2023-03-07 11:14:27 error: SQLITE_ERROR: no such table: issues
2023-03-07 11:16:30 info: file:///c%3A/Users/Xypher%20Solutions%20Inc/Desktop/medical-inventory-system/node_modules/fsevents
2023-03-07 11:16:30 error: SQLITE_ERROR: no such table: issues
2023-03-07 11:16:47 info: file:///c%3A/Users/Xypher%20Solutions%20Inc/Desktop/medical-inventory-system/node_modules/fsevents
2023-03-07 11:16:47 error: SQLITE_ERROR: no such table: issues
2023-03-07 11:17:15 info: file:///c%3A/Users/Xypher%20Solutions%20Inc/Desktop/medical-inventory-system/node_modules/react-icons
2023-03-07 11:17:15 error: SQLITE_ERROR: no such table: issues
2023-03-07 11:17:23 info: file:///c%3A/Users/Xypher%20Solutions%20Inc/Desktop/medical-inventory-system/node_modules/fsevents
2023-03-07 11:17:23 info: file:///c%3A/Users/Xypher%20Solutions%20Inc/Desktop/medical-inventory-system/node_modules/react-icons
2023-03-07 11:17:23 error: SQLITE_ERROR: no such table: issues
2023-03-07 11:17:23 error: SQLITE_ERROR: no such table: issues
2023-03-07 11:29:11 info: file:///c%3A/Users/Xypher%20Solutions%20Inc/Desktop/medical-inventory-system/node_modules/react-icons
2023-03-07 11:29:11 error: SQLITE_ERROR: no such table: issues
2023-03-07 11:29:11 info: file:///c%3A/Users/Xypher%20Solutions%20Inc/Desktop/medical-inventory-system/node_modules/.react-icons-09yznivu
2023-03-07 11:29:11 error: SQLITE_ERROR: no such table: issues
2023-03-07 11:29:36 info: file:///c%3A/Users/Xypher%20Solutions%20Inc/Desktop/medical-inventory-system/node_modules/fsevents
2023-03-07 11:29:36 error: SQLITE_ERROR: no such table: issues
2023-03-07 11:29:36 info: file:///c%3A/Users/Xypher%20Solutions%20Inc/Desktop/medical-inventory-system/node_modules/.fsevents-oQTRXTCl
2023-03-07 11:29:36 error: SQLITE_ERROR: no such table: issues
2023-03-07 11:33:03 info: file:///c%3A/Users/Xypher%20Solutions%20Inc/Desktop/medical-inventory-system/node_modules/fsevents
2023-03-07 11:33:03 error: SQLITE_ERROR: no such table: issues
2023-03-07 11:33:03 info: file:///c%3A/Users/Xypher%20Solutions%20Inc/Desktop/medical-inventory-system/node_modules/react-icons
2023-03-07 11:33:03 error: SQLITE_ERROR: no such table: issues
2023-03-07 11:33:13 info: file:///c%3A/Users/Xypher%20Solutions%20Inc/Desktop/medical-inventory-system/node_modules/.fsevents-oQTRXTCl
2023-03-07 11:33:13 error: SQLITE_ERROR: no such table: issues
2023-03-07 11:33:14 info: file:///c%3A/Users/Xypher%20Solutions%20Inc/Desktop/medical-inventory-system/node_modules/fsevents
2023-03-07 11:33:14 info: file:///c%3A/Users/Xypher%20Solutions%20Inc/Desktop/medical-inventory-system/node_modules/.react-icons-09yznivu
2023-03-07 11:33:14 error: SQLITE_ERROR: no such table: issues
2023-03-07 11:33:14 error: SQLITE_ERROR: no such table: issues
2023-03-07 11:38:07 info: file:///c%3A/Users/Xypher%20Solutions%20Inc/Desktop/medical-inventory-system/src/Components/Table/BootstrapLoader
2023-03-07 11:38:07 error: SQLITE_ERROR: no such table: issues
2023-03-07 11:38:30 info: file:///c%3A/Users/Xypher%20Solutions%20Inc/Desktop/medical-inventory-system/src/Components/Table/BootstrapLoader.js
2023-03-07 11:38:30 error: SQLITE_ERROR: no such table: issues
2023-03-07 11:40:25 info: file:///c%3A/Users/Xypher%20Solutions%20Inc/Desktop/medical-inventory-system/node_modules/fsevents
2023-03-07 11:40:25 error: SQLITE_ERROR: no such table: issues
2023-03-07 11:44:45 info: file:///c%3A/Users/Xypher%20Solutions%20Inc/Desktop/medical-inventory-system/src/Components/Table/BootstrapTableLoader.js
2023-03-07 11:44:45 error: SQLITE_ERROR: no such table: issues
2023-03-07 11:46:51 info: file:///c%3A/Users/Xypher%20Solutions%20Inc/Desktop/medical-inventory-system/node_modules/fsevents
2023-03-07 11:46:51 error: SQLITE_ERROR: no such table: issues
2023-03-07 13:25:48 info: file:///c%3A/Users/Xypher%20Solutions%20Inc/Desktop/medical-inventory-system/.git/index.lock
2023-03-07 13:25:48 error: SQLITE_ERROR: no such table: issues
2023-03-07 13:26:00 info: file:///c%3A/Users/Xypher%20Solutions%20Inc/Desktop/medical-inventory-system/.git/index.lock
2023-03-07 13:26:00 error: SQLITE_ERROR: no such table: issues
2023-03-07 13:26:38 info: file:///c%3A/Users/Xypher%20Solutions%20Inc/Desktop/medical-inventory-system/.git/logs/refs/heads/master
2023-03-07 13:26:38 error: SQLITE_ERROR: no such table: issues
2023-03-07 13:26:38 info: file:///c%3A/Users/Xypher%20Solutions%20Inc/Desktop/medical-inventory-system/.git/refs/heads/master
2023-03-07 13:26:38 error: SQLITE_ERROR: no such table: issues
2023-03-07 13:26:46 info: file:///c%3A/Users/Xypher%20Solutions%20Inc/Desktop/medical-inventory-system/.git/config.lock
2023-03-07 13:26:46 error: SQLITE_ERROR: no such table: issues
2023-03-07 13:47:04 info: file:///c%3A/Users/Xypher%20Solutions%20Inc/Desktop/medical-inventory-system/node_modules/fsevents
2023-03-07 13:47:04 error: SQLITE_ERROR: no such table: issues
2023-03-07 13:50:21 info: file:///c%3A/Users/Xypher%20Solutions%20Inc/Desktop/medical-inventory-system/.git/refs/heads/home-ui.lock
2023-03-07 13:50:21 error: SQLITE_ERROR: no such table: issues
2023-03-07 13:50:24 info: file:///c%3A/Users/Xypher%20Solutions%20Inc/Desktop/medical-inventory-system/.git/index.lock
2023-03-07 13:50:24 error: SQLITE_ERROR: no such table: issues
2023-03-07 13:50:43 info: file:///c%3A/Users/Xypher%20Solutions%20Inc/Desktop/medical-inventory-system/.git/index.lock
2023-03-07 13:50:43 error: SQLITE_ERROR: no such table: issues
2023-03-07 13:50:56 info: file:///c%3A/Users/Xypher%20Solutions%20Inc/Desktop/medical-inventory-system/.git/config.lock
2023-03-07 13:50:56 info: file:///c%3A/Users/Xypher%20Solutions%20Inc/Desktop/medical-inventory-system/.git/refs/remotes/origin/home-ui.lock
2023-03-07 13:50:56 error: SQLITE_ERROR: no such table: issues
2023-03-07 13:50:56 error: SQLITE_ERROR: no such table: issues
2023-03-07 14:00:02 info: file:///c%3A/Users/Xypher%20Solutions%20Inc/Desktop/medical-inventory-system/.git/index.lock
2023-03-07 14:00:02 error: SQLITE_ERROR: no such table: issues
2023-03-07 14:00:16 info: file:///c%3A/Users/Xypher%20Solutions%20Inc/Desktop/medical-inventory-system/.git/index.lock
2023-03-07 14:00:16 error: SQLITE_ERROR: no such table: issues
2023-03-07 14:01:10 info: file:///c%3A/Users/Xypher%20Solutions%20Inc/Desktop/medical-inventory-system/.git/ORIG_HEAD.lock
2023-03-07 14:01:10 error: SQLITE_ERROR: no such table: issues
2023-03-08 08:18:24 info: tempDirectory:c:\Users\Xypher Solutions Inc\.vscode\extensions\embold-vscode.embold-0.1.4\temp
2023-03-08 08:18:24 info: Extraction complete for source: c:\Users\Xypher Solutions Inc\.vscode\extensions\embold-vscode.embold-0.1.4\resources\embold-scanner-archive.zip, destination: c:\Users\Xypher Solutions Inc\.vscode\extensions\embold-vscode.embold-0.1.4\temp
2023-03-08 08:18:24 info: Congratulations, your extension "Embold" is now active!
2023-03-08 13:12:20 info: tempDirectory:c:\Users\Xypher Solutions Inc\.vscode\extensions\embold-vscode.embold-0.1.4\temp
2023-03-08 13:12:20 info: Extraction complete for source: c:\Users\Xypher Solutions Inc\.vscode\extensions\embold-vscode.embold-0.1.4\resources\embold-scanner-archive.zip, destination: c:\Users\Xypher Solutions Inc\.vscode\extensions\embold-vscode.embold-0.1.4\temp
2023-03-08 13:12:20 info: Congratulations, your extension "Embold" is now active!
2023-03-09 11:48:58 info: tempDirectory:c:\Users\Xypher Solutions Inc\.vscode\extensions\embold-vscode.embold-0.1.4\temp
2023-03-09 11:48:58 info: Extraction complete for source: c:\Users\Xypher Solutions Inc\.vscode\extensions\embold-vscode.embold-0.1.4\resources\embold-scanner-archive.zip, destination: c:\Users\Xypher Solutions Inc\.vscode\extensions\embold-vscode.embold-0.1.4\temp
2023-03-09 11:48:58 info: Congratulations, your extension "Embold" is now active!
2023-03-09 11:52:29 info: file:///c%3A/Users/Xypher%20Solutions%20Inc/Desktop/medical-inventory-system/node_modules/fsevents
2023-03-09 11:52:29 error: SQLITE_ERROR: no such table: issues
2023-03-09 11:53:18 info: file:///c%3A/Users/Xypher%20Solutions%20Inc/Desktop/medical-inventory-system/src/Backend
2023-03-09 11:53:18 error: SQLITE_ERROR: no such table: issues
2023-03-09 11:55:04 info: file:///c%3A/Users/Xypher%20Solutions%20Inc/Desktop/medical-inventory-system/src/Service/Service
2023-03-09 11:55:04 error: SQLITE_ERROR: no such table: issues
2023-03-09 11:57:49 info: file:///c%3A/Users/Xypher%20Solutions%20Inc/Desktop/medical-inventory-system/node_modules/fsevents
2023-03-09 11:57:49 error: SQLITE_ERROR: no such table: issues
2023-03-09 14:21:49 info: file:///c%3A/Users/Xypher%20Solutions%20Inc/Desktop/medical-inventory-system/node_modules/fsevents
2023-03-09 14:21:49 error: SQLITE_ERROR: no such table: issues
2023-03-09 14:42:44 info: file:///c%3A/Users/Xypher%20Solutions%20Inc/Desktop/medical-inventory-system/node_modules/fsevents
2023-03-09 14:42:44 error: SQLITE_ERROR: no such table: issues
2023-03-09 15:34:57 info: file:///c%3A/Users/Xypher%20Solutions%20Inc/Desktop/medical-inventory-system/.git/index.lock
2023-03-09 15:34:57 error: SQLITE_ERROR: no such table: issues
2023-03-09 15:35:08 info: file:///c%3A/Users/Xypher%20Solutions%20Inc/Desktop/medical-inventory-system/.git/index.lock
2023-03-09 15:35:08 error: SQLITE_ERROR: no such table: issues
2023-03-14 08:25:50 info: tempDirectory:c:\Users\Xypher Solutions Inc\.vscode\extensions\embold-vscode.embold-0.1.4\temp
2023-03-14 08:25:50 info: Extraction complete for source: c:\Users\Xypher Solutions Inc\.vscode\extensions\embold-vscode.embold-0.1.4\resources\embold-scanner-archive.zip, destination: c:\Users\Xypher Solutions Inc\.vscode\extensions\embold-vscode.embold-0.1.4\temp
2023-03-14 08:25:50 info: Congratulations, your extension "Embold" is now active!
2023-03-14 08:25:58 info: file:///c%3A/Users/Xypher%20Solutions%20Inc/Desktop/medical-inventory-system/.git/refs/remotes/origin/main.lock
2023-03-14 08:25:58 error: SQLITE_ERROR: no such table: issues
2023-03-14 13:31:39 info: file:///c%3A/Users/Xypher%20Solutions%20Inc/Desktop/medical-inventory-system/node_modules/fsevents
2023-03-14 13:31:39 error: SQLITE_ERROR: no such table: issues
2023-03-14 14:30:08 info: file:///c%3A/Users/Xypher%20Solutions%20Inc/Desktop/medical-inventory-system/.git/index.lock
2023-03-14 14:30:08 error: SQLITE_ERROR: no such table: issues
2023-03-14 14:30:56 info: file:///c%3A/Users/Xypher%20Solutions%20Inc/Desktop/medical-inventory-system/.git/index.lock
2023-03-14 14:30:56 error: SQLITE_ERROR: no such table: issues
